\BOOKMARK [1][-]{section.1}{Goal}{}% 1
\BOOKMARK [1][-]{section.2}{Model}{}% 2
\BOOKMARK [2][-]{subsection.2.1}{State}{section.2}% 3
\BOOKMARK [2][-]{subsection.2.2}{Kinematics}{section.2}% 4
\BOOKMARK [2][-]{subsection.2.3}{Forces}{section.2}% 5
\BOOKMARK [2][-]{subsection.2.4}{Torques}{section.2}% 6
\BOOKMARK [2][-]{subsection.2.5}{Equations of Motion}{section.2}% 7
\BOOKMARK [2][-]{subsection.2.6}{Linearizion}{section.2}% 8
\BOOKMARK [1][-]{section.3}{Optimization and Controller}{}% 9
\BOOKMARK [2][-]{subsection.3.1}{OptimTraj}{section.3}% 10
\BOOKMARK [3][-]{subsubsection.3.1.1}{Function Dynamics}{subsection.3.1}% 11
\BOOKMARK [3][-]{subsubsection.3.1.2}{Problem Bounds}{subsection.3.1}% 12
\BOOKMARK [3][-]{subsubsection.3.1.3}{Cost Function}{subsection.3.1}% 13
\BOOKMARK [3][-]{subsubsection.3.1.4}{Initialize Guess}{subsection.3.1}% 14
\BOOKMARK [3][-]{subsubsection.3.1.5}{Options}{subsection.3.1}% 15
\BOOKMARK [3][-]{subsubsection.3.1.6}{Solution}{subsection.3.1}% 16
\BOOKMARK [2][-]{subsection.3.2}{Controller}{section.3}% 17
\BOOKMARK [1][-]{section.4}{Running Simulation}{}% 18
\BOOKMARK [1][-]{section.5}{Analysis of Optimal Trajectory}{}% 19
\BOOKMARK [2][-]{subsection.5.1}{Simulation Analysis}{section.5}% 20
\BOOKMARK [1][-]{section.6}{Future Work}{}% 21
